This is pdfTeX, Version 3.14159265-2.6-1.40.17 (MiKTeX 2.9.6210 64-bit) (preloaded format=pdflatex 2017.9.15)  2 FEB 2019 23:31
entering extended mode
**"E:/University/data/Class Work/Thesis - KTH/Extra Work/Papers/Journal Paper/V
2/IEEE_Access/Journal_Paper_IEEE_Access.tex"

("E:/University/data/Class Work/Thesis - KTH/Extra Work/Papers/Journal Paper/V2
/IEEE_Access/Journal_Paper_IEEE_Access.tex"
LaTeX2e <2017/01/01> patch level 1
Babel <3.9r> and hyphenation patterns for 75 language(s) loaded.

("E:/University/data/Class Work/Thesis - KTH/Extra Work/Papers/Journal Paper/V2
/IEEE_Access\ieeeaccess.cls"
("E:/University/data/Class Work/Thesis - KTH/Extra Work/Papers/Journal Paper/V2
/IEEE_Access\IEEEtran.cls"
Document Class: IEEEtran 2015/08/26 V1.8b by Michael Shell
-- See the "IEEEtran_HOWTO" manual for usage information.
-- http://www.michaelshell.org/tex/ieeetran/
\@IEEEtrantmpdimenA=\dimen102
\@IEEEtrantmpdimenB=\dimen103
\@IEEEtrantmpdimenC=\dimen104
\@IEEEtrantmpcountA=\count79
\@IEEEtrantmpcountB=\count80
\@IEEEtrantmpcountC=\count81
\@IEEEtrantmptoksA=\toks14
LaTeX Font Info:    Try loading font information for OT1+ptm on input line 503.

("C:\Program Files\MiKTeX 2.9\tex\latex\psnfss\ot1ptm.fd"
File: ot1ptm.fd 2001/06/04 font definitions for OT1/ptm.
)
-- Using 8.5in x 11in (letter) paper.
-- Using PDF output.
\@IEEEnormalsizeunitybaselineskip=\dimen105
-- This is a 10 point document.
\CLASSINFOnormalsizebaselineskip=\dimen106
\CLASSINFOnormalsizeunitybaselineskip=\dimen107
\IEEEnormaljot=\dimen108
LaTeX Font Info:    Font shape `OT1/ptm/bx/n' in size <5> not available
(Font)              Font shape `OT1/ptm/b/n' tried instead on input line 1090.
LaTeX Font Info:    Font shape `OT1/ptm/bx/it' in size <5> not available
(Font)              Font shape `OT1/ptm/b/it' tried instead on input line 1090.

LaTeX Font Info:    Font shape `OT1/ptm/bx/n' in size <7> not available
(Font)              Font shape `OT1/ptm/b/n' tried instead on input line 1090.
LaTeX Font Info:    Font shape `OT1/ptm/bx/it' in size <7> not available
(Font)              Font shape `OT1/ptm/b/it' tried instead on input line 1090.

LaTeX Font Info:    Font shape `OT1/ptm/bx/n' in size <8> not available
(Font)              Font shape `OT1/ptm/b/n' tried instead on input line 1090.
LaTeX Font Info:    Font shape `OT1/ptm/bx/it' in size <8> not available
(Font)              Font shape `OT1/ptm/b/it' tried instead on input line 1090.

LaTeX Font Info:    Font shape `OT1/ptm/bx/n' in size <9> not available
(Font)              Font shape `OT1/ptm/b/n' tried instead on input line 1090.
LaTeX Font Info:    Font shape `OT1/ptm/bx/it' in size <9> not available
(Font)              Font shape `OT1/ptm/b/it' tried instead on input line 1090.

LaTeX Font Info:    Font shape `OT1/ptm/bx/n' in size <10> not available
(Font)              Font shape `OT1/ptm/b/n' tried instead on input line 1090.
LaTeX Font Info:    Font shape `OT1/ptm/bx/it' in size <10> not available
(Font)              Font shape `OT1/ptm/b/it' tried instead on input line 1090.

LaTeX Font Info:    Font shape `OT1/ptm/bx/n' in size <11> not available
(Font)              Font shape `OT1/ptm/b/n' tried instead on input line 1090.
LaTeX Font Info:    Font shape `OT1/ptm/bx/it' in size <11> not available
(Font)              Font shape `OT1/ptm/b/it' tried instead on input line 1090.

LaTeX Font Info:    Font shape `OT1/ptm/bx/n' in size <12> not available
(Font)              Font shape `OT1/ptm/b/n' tried instead on input line 1090.
LaTeX Font Info:    Font shape `OT1/ptm/bx/it' in size <12> not available
(Font)              Font shape `OT1/ptm/b/it' tried instead on input line 1090.

LaTeX Font Info:    Font shape `OT1/ptm/bx/n' in size <17> not available
(Font)              Font shape `OT1/ptm/b/n' tried instead on input line 1090.
LaTeX Font Info:    Font shape `OT1/ptm/bx/it' in size <17> not available
(Font)              Font shape `OT1/ptm/b/it' tried instead on input line 1090.

LaTeX Font Info:    Font shape `OT1/ptm/bx/n' in size <20> not available
(Font)              Font shape `OT1/ptm/b/n' tried instead on input line 1090.
LaTeX Font Info:    Font shape `OT1/ptm/bx/it' in size <20> not available
(Font)              Font shape `OT1/ptm/b/it' tried instead on input line 1090.

LaTeX Font Info:    Font shape `OT1/ptm/bx/n' in size <24> not available
(Font)              Font shape `OT1/ptm/b/n' tried instead on input line 1090.
LaTeX Font Info:    Font shape `OT1/ptm/bx/it' in size <24> not available
(Font)              Font shape `OT1/ptm/b/it' tried instead on input line 1090.

\IEEEquantizedlength=\dimen109
\IEEEquantizedlengthdiff=\dimen110
\IEEEquantizedtextheightdiff=\dimen111
\IEEEilabelindentA=\dimen112
\IEEEilabelindentB=\dimen113
\IEEEilabelindent=\dimen114
\IEEEelabelindent=\dimen115
\IEEEdlabelindent=\dimen116
\IEEElabelindent=\dimen117
\IEEEiednormlabelsep=\dimen118
\IEEEiedmathlabelsep=\dimen119
\IEEEiedtopsep=\skip41
\c@section=\count82
\c@subsection=\count83
\c@subsubsection=\count84
\c@paragraph=\count85
\c@IEEEsubequation=\count86
\abovecaptionskip=\skip42
\belowcaptionskip=\skip43
\c@figure=\count87
\c@table=\count88
\@IEEEeqnnumcols=\count89
\@IEEEeqncolcnt=\count90
\@IEEEsubeqnnumrollback=\count91
\@IEEEquantizeheightA=\dimen120
\@IEEEquantizeheightB=\dimen121
\@IEEEquantizeheightC=\dimen122
\@IEEEquantizeprevdepth=\dimen123
\@IEEEquantizemultiple=\count92
\@IEEEquantizeboxA=\box26
\@IEEEtmpitemindent=\dimen124
\IEEEPARstartletwidth=\dimen125
\c@IEEEbiography=\count93
\@IEEEtranrubishbin=\box27
) ("C:\Program Files\MiKTeX 2.9\tex\generic\oberdiek\ifpdf.sty"
Package: ifpdf 2016/05/14 v3.1 Provides the ifpdf switch
)
("C:\Program Files\MiKTeX 2.9\tex\latex\xkeyval\xkeyval.sty"
Package: xkeyval 2014/12/03 v2.7a package option processing (HA)

("C:\Program Files\MiKTeX 2.9\tex\generic\xkeyval\xkeyval.tex"
("C:\Program Files\MiKTeX 2.9\tex\generic\xkeyval\xkvutils.tex"
\XKV@toks=\toks15
\XKV@tempa@toks=\toks16

("C:\Program Files\MiKTeX 2.9\tex\generic\xkeyval\keyval.tex"))
\XKV@depth=\count94
File: xkeyval.tex 2014/12/03 v2.7a key=value parser (HA)
)){C:/ProgramData/MiKTeX/2.9/pdftex/config/pdftex.map}

pdfTeX warning: pdflatex.EXE (file t1-times.map): cannot open font map file


pdfTeX warning: pdflatex.EXE (file t1-formata.map): cannot open font map file


pdfTeX warning: pdflatex.EXE (file t1-giovannistd.map): cannot open font map fi
le
\@draftversionrule=\dimen126
("C:\Program Files\MiKTeX 2.9\tex\latex\graphics\color.sty"
Package: color 2016/07/10 v1.1e Standard LaTeX Color (DPC)

("C:\Program Files\MiKTeX 2.9\tex\latex\graphics-cfg\color.cfg"
File: color.cfg 2016/01/02 v1.6 sample color configuration
)
Package color Info: Driver file: pdftex.def on input line 147.

("C:\Program Files\MiKTeX 2.9\tex\latex\graphics-def\pdftex.def"
File: pdftex.def 2017/01/12 v0.06k Graphics/color for pdfTeX

("C:\Program Files\MiKTeX 2.9\tex\generic\oberdiek\infwarerr.sty"
Package: infwarerr 2016/05/16 v1.4 Providing info/warning/error messages (HO)
)
("C:\Program Files\MiKTeX 2.9\tex\generic\oberdiek\ltxcmds.sty"
Package: ltxcmds 2016/05/16 v1.23 LaTeX kernel commands for general use (HO)
)
\Gread@gobject=\count95
))
("C:\Program Files\MiKTeX 2.9\tex\latex\spotcolor\spotcolor.sty"
Package: spotcolor 2006/11/15 v1.2 Package for adding Spot Color support to pdf
LaTeX.

("C:\Program Files\MiKTeX 2.9\tex\latex\graphics\graphics.sty"
Package: graphics 2016/10/09 v1.0u Standard LaTeX Graphics (DPC,SPQR)

("C:\Program Files\MiKTeX 2.9\tex\latex\graphics\trig.sty"
Package: trig 2016/01/03 v1.10 sin cos tan (DPC)
)
("C:\Program Files\MiKTeX 2.9\tex\latex\graphics-cfg\graphics.cfg"
File: graphics.cfg 2016/06/04 v1.11 sample graphics configuration
)
Package graphics Info: Driver file: pdftex.def on input line 99.
)
\thecolorprofile=\count96
\thecolor=\count97
)
\PANTONE=\toks17
Package color Info: Redefining color black on input line 134.
\figbox=\box28
\titlewidth=\skip44
\abstractwidth=\skip45
\c@addrCtr=\count98
\abstractbox=\box29
\indexbox=\box30
\absht=\dimen127
\kwdht=\dimen128
\@tempcntc=\count99
\titlepgskip=\skip46
\maketitlebox=\box31
)
("C:\Program Files\MiKTeX 2.9\tex\latex\cite\cite.sty"
LaTeX Info: Redefining \cite on input line 302.
LaTeX Info: Redefining \nocite on input line 332.
Package: cite 2015/02/27  v 5.5
)
("C:\Program Files\MiKTeX 2.9\tex\latex\amsmath\amsmath.sty"
Package: amsmath 2016/11/05 v2.16a AMS math features
\@mathmargin=\skip47

For additional information on amsmath, use the `?' option.
("C:\Program Files\MiKTeX 2.9\tex\latex\amsmath\amstext.sty"
Package: amstext 2000/06/29 v2.01 AMS text

("C:\Program Files\MiKTeX 2.9\tex\latex\amsmath\amsgen.sty"
File: amsgen.sty 1999/11/30 v2.0 generic functions
\@emptytoks=\toks18
\ex@=\dimen129
))
("C:\Program Files\MiKTeX 2.9\tex\latex\amsmath\amsbsy.sty"
Package: amsbsy 1999/11/29 v1.2d Bold Symbols
\pmbraise@=\dimen130
)
("C:\Program Files\MiKTeX 2.9\tex\latex\amsmath\amsopn.sty"
Package: amsopn 2016/03/08 v2.02 operator names
)
\inf@bad=\count100
LaTeX Info: Redefining \frac on input line 213.
\uproot@=\count101
\leftroot@=\count102
LaTeX Info: Redefining \overline on input line 375.
\classnum@=\count103
\DOTSCASE@=\count104
LaTeX Info: Redefining \ldots on input line 472.
LaTeX Info: Redefining \dots on input line 475.
LaTeX Info: Redefining \cdots on input line 596.
\Mathstrutbox@=\box32
\strutbox@=\box33
\big@size=\dimen131
LaTeX Font Info:    Redeclaring font encoding OML on input line 712.
LaTeX Font Info:    Redeclaring font encoding OMS on input line 713.
\macc@depth=\count105
\c@MaxMatrixCols=\count106
\dotsspace@=\muskip10
\c@parentequation=\count107
\dspbrk@lvl=\count108
\tag@help=\toks19
\row@=\count109
\column@=\count110
\maxfields@=\count111
\andhelp@=\toks20
\eqnshift@=\dimen132
\alignsep@=\dimen133
\tagshift@=\dimen134
\tagwidth@=\dimen135
\totwidth@=\dimen136
\lineht@=\dimen137
\@envbody=\toks21
\multlinegap=\skip48
\multlinetaggap=\skip49
\mathdisplay@stack=\toks22
LaTeX Info: Redefining \[ on input line 2817.
LaTeX Info: Redefining \] on input line 2818.
)
("C:\Program Files\MiKTeX 2.9\tex\latex\amsfonts\amssymb.sty"
Package: amssymb 2013/01/14 v3.01 AMS font symbols

("C:\Program Files\MiKTeX 2.9\tex\latex\amsfonts\amsfonts.sty"
Package: amsfonts 2013/01/14 v3.01 Basic AMSFonts support
\symAMSa=\mathgroup4
\symAMSb=\mathgroup5
LaTeX Font Info:    Overwriting math alphabet `\mathfrak' in version `bold'
(Font)                  U/euf/m/n --> U/euf/b/n on input line 106.
))
("C:\Program Files\MiKTeX 2.9\tex\latex\algorithms\algorithmic.sty"
Package: algorithmic 2009/08/24 v0.1 Document Style `algorithmic'

("C:\Program Files\MiKTeX 2.9\tex\latex\base\ifthen.sty"
Package: ifthen 2014/09/29 v1.1c Standard LaTeX ifthen package (DPC)
)
\c@ALC@unique=\count112
\c@ALC@line=\count113
\c@ALC@rem=\count114
\c@ALC@depth=\count115
\ALC@tlm=\skip50
\algorithmicindent=\skip51
)
("C:\Program Files\MiKTeX 2.9\tex\latex\graphics\graphicx.sty"
Package: graphicx 2014/10/28 v1.0g Enhanced LaTeX Graphics (DPC,SPQR)
\Gin@req@height=\dimen138
\Gin@req@width=\dimen139
)
("C:\Program Files\MiKTeX 2.9\tex\latex\base\textcomp.sty"
Package: textcomp 2017/01/24 v2.0c Standard LaTeX package
Package textcomp Info: Sub-encoding information:
(textcomp)               5 = only ISO-Adobe without \textcurrency
(textcomp)               4 = 5 + \texteuro
(textcomp)               3 = 4 + \textohm
(textcomp)               2 = 3 + \textestimated + \textcurrency
(textcomp)               1 = TS1 - \textcircled - \t
(textcomp)               0 = TS1 (full)
(textcomp)             Font families with sub-encoding setting implement
(textcomp)             only a restricted character set as indicated.
(textcomp)             Family '?' is the default used for unknown fonts.
(textcomp)             See the documentation for details.
Package textcomp Info: Setting ? sub-encoding to TS1/1 on input line 79.

("C:\Program Files\MiKTeX 2.9\tex\latex\base\ts1enc.def"
File: ts1enc.def 2001/06/05 v3.0e (jk/car/fm) Standard LaTeX file
)
LaTeX Info: Redefining \oldstylenums on input line 334.
Package textcomp Info: Setting cmr sub-encoding to TS1/0 on input line 349.
Package textcomp Info: Setting cmss sub-encoding to TS1/0 on input line 350.
Package textcomp Info: Setting cmtt sub-encoding to TS1/0 on input line 351.
Package textcomp Info: Setting cmvtt sub-encoding to TS1/0 on input line 352.
Package textcomp Info: Setting cmbr sub-encoding to TS1/0 on input line 353.
Package textcomp Info: Setting cmtl sub-encoding to TS1/0 on input line 354.
Package textcomp Info: Setting ccr sub-encoding to TS1/0 on input line 355.
Package textcomp Info: Setting ptm sub-encoding to TS1/4 on input line 356.
Package textcomp Info: Setting pcr sub-encoding to TS1/4 on input line 357.
Package textcomp Info: Setting phv sub-encoding to TS1/4 on input line 358.
Package textcomp Info: Setting ppl sub-encoding to TS1/3 on input line 359.
Package textcomp Info: Setting pag sub-encoding to TS1/4 on input line 360.
Package textcomp Info: Setting pbk sub-encoding to TS1/4 on input line 361.
Package textcomp Info: Setting pnc sub-encoding to TS1/4 on input line 362.
Package textcomp Info: Setting pzc sub-encoding to TS1/4 on input line 363.
Package textcomp Info: Setting bch sub-encoding to TS1/4 on input line 364.
Package textcomp Info: Setting put sub-encoding to TS1/5 on input line 365.
Package textcomp Info: Setting uag sub-encoding to TS1/5 on input line 366.
Package textcomp Info: Setting ugq sub-encoding to TS1/5 on input line 367.
Package textcomp Info: Setting ul8 sub-encoding to TS1/4 on input line 368.
Package textcomp Info: Setting ul9 sub-encoding to TS1/4 on input line 369.
Package textcomp Info: Setting augie sub-encoding to TS1/5 on input line 370.
Package textcomp Info: Setting dayrom sub-encoding to TS1/3 on input line 371.
Package textcomp Info: Setting dayroms sub-encoding to TS1/3 on input line 372.

Package textcomp Info: Setting pxr sub-encoding to TS1/0 on input line 373.
Package textcomp Info: Setting pxss sub-encoding to TS1/0 on input line 374.
Package textcomp Info: Setting pxtt sub-encoding to TS1/0 on input line 375.
Package textcomp Info: Setting txr sub-encoding to TS1/0 on input line 376.
Package textcomp Info: Setting txss sub-encoding to TS1/0 on input line 377.
Package textcomp Info: Setting txtt sub-encoding to TS1/0 on input line 378.
Package textcomp Info: Setting lmr sub-encoding to TS1/0 on input line 379.
Package textcomp Info: Setting lmdh sub-encoding to TS1/0 on input line 380.
Package textcomp Info: Setting lmss sub-encoding to TS1/0 on input line 381.
Package textcomp Info: Setting lmssq sub-encoding to TS1/0 on input line 382.
Package textcomp Info: Setting lmvtt sub-encoding to TS1/0 on input line 383.
Package textcomp Info: Setting lmtt sub-encoding to TS1/0 on input line 384.
Package textcomp Info: Setting qhv sub-encoding to TS1/0 on input line 385.
Package textcomp Info: Setting qag sub-encoding to TS1/0 on input line 386.
Package textcomp Info: Setting qbk sub-encoding to TS1/0 on input line 387.
Package textcomp Info: Setting qcr sub-encoding to TS1/0 on input line 388.
Package textcomp Info: Setting qcs sub-encoding to TS1/0 on input line 389.
Package textcomp Info: Setting qpl sub-encoding to TS1/0 on input line 390.
Package textcomp Info: Setting qtm sub-encoding to TS1/0 on input line 391.
Package textcomp Info: Setting qzc sub-encoding to TS1/0 on input line 392.
Package textcomp Info: Setting qhvc sub-encoding to TS1/0 on input line 393.
Package textcomp Info: Setting futs sub-encoding to TS1/4 on input line 394.
Package textcomp Info: Setting futx sub-encoding to TS1/4 on input line 395.
Package textcomp Info: Setting futj sub-encoding to TS1/4 on input line 396.
Package textcomp Info: Setting hlh sub-encoding to TS1/3 on input line 397.
Package textcomp Info: Setting hls sub-encoding to TS1/3 on input line 398.
Package textcomp Info: Setting hlst sub-encoding to TS1/3 on input line 399.
Package textcomp Info: Setting hlct sub-encoding to TS1/5 on input line 400.
Package textcomp Info: Setting hlx sub-encoding to TS1/5 on input line 401.
Package textcomp Info: Setting hlce sub-encoding to TS1/5 on input line 402.
Package textcomp Info: Setting hlcn sub-encoding to TS1/5 on input line 403.
Package textcomp Info: Setting hlcw sub-encoding to TS1/5 on input line 404.
Package textcomp Info: Setting hlcf sub-encoding to TS1/5 on input line 405.
Package textcomp Info: Setting pplx sub-encoding to TS1/3 on input line 406.
Package textcomp Info: Setting pplj sub-encoding to TS1/3 on input line 407.
Package textcomp Info: Setting ptmx sub-encoding to TS1/4 on input line 408.
Package textcomp Info: Setting ptmj sub-encoding to TS1/4 on input line 409.
)
("C:\Program Files\MiKTeX 2.9\tex\latex\caption\caption.sty"
Package: caption 2018/10/06 v3.3-154 Customizing captions (AR)

("C:\Program Files\MiKTeX 2.9\tex\latex\caption\caption3.sty"
Package: caption3 2018/09/12 v1.8c caption3 kernel (AR)
Package caption3 Info: TeX engine: e-TeX on input line 64.
\captionmargin=\dimen140
\captionmargin@=\dimen141
\captionwidth=\dimen142
\caption@tempdima=\dimen143
\caption@indent=\dimen144
\caption@parindent=\dimen145
\caption@hangindent=\dimen146
Package caption Info: Unknown document class (or package),
(caption)             standard defaults will be used.
)

Package caption Warning: Unsupported document class (or package) detected,
(caption)                usage of the caption package is not recommended.
See the caption package documentation for explanation.

Package caption Info: \@makecaption = \long macro:#1#2->\ifx \@captype \@IEEEta
blestring \begin {flushleft} \vspace *{5pt} {\vss \color {accessblue}\tablecaph
eadfont #1. \ }{\raggedright \tablecapfont #2\vss }\end {flushleft} \@IEEEtable
captionsepspace \else \@IEEEfigurecaptionsepspace \setbox \@tempboxa \hbox {\st
rut {\color {accessblue}\figcapheadfont #1. \ }\raggedright \figcapfont #2\stru
t }\ifdim \xfigwd >\columnwidth \setbox \@tempboxa \hbox {{\color {accessblue}\
figcapheadfont #1. \ }}\mbox {}\hfill \begin {tabular}{@{}l@{}}\noindent \ragge
dright \unhbox \@tempboxa \figcapfont #2\end {tabular}\hfill \mbox {}\else \set
box \@tempboxa \hbox {{\color {accessblue}\figcapheadfont #1. \ }}{\vss \ragged
right \noindent \unhbox \@tempboxa \figcapfont #2\vss }\fi \fi \vskip 1pt plus 
1pt minus 1pt.
\c@caption@flags=\count116
\c@ContinuedFloat=\count117
)
No file Journal_Paper_IEEE_Access.aux.
\openout1 = `Journal_Paper_IEEE_Access.aux'.

LaTeX Font Info:    Checking defaults for OML/cmm/m/it on input line 13.
LaTeX Font Info:    ... okay on input line 13.
LaTeX Font Info:    Checking defaults for T1/cmr/m/n on input line 13.
LaTeX Font Info:    ... okay on input line 13.
LaTeX Font Info:    Checking defaults for OT1/cmr/m/n on input line 13.
LaTeX Font Info:    ... okay on input line 13.
LaTeX Font Info:    Checking defaults for OMS/cmsy/m/n on input line 13.
LaTeX Font Info:    ... okay on input line 13.
LaTeX Font Info:    Checking defaults for OMX/cmex/m/n on input line 13.
LaTeX Font Info:    ... okay on input line 13.
LaTeX Font Info:    Checking defaults for U/cmr/m/n on input line 13.
LaTeX Font Info:    ... okay on input line 13.
LaTeX Font Info:    Checking defaults for TS1/cmr/m/n on input line 13.
LaTeX Font Info:    Try loading font information for TS1+cmr on input line 13.
("C:\Program Files\MiKTeX 2.9\tex\latex\base\ts1cmr.fd"
File: ts1cmr.fd 2014/09/29 v2.5h Standard LaTeX font definitions
)
LaTeX Font Info:    ... okay on input line 13.

-- Lines per column: 56 (exact).
LaTeX Font Info:    Try loading font information for T1+ptm on input line 13.
("C:\Program Files\MiKTeX 2.9\tex\latex\psnfss\t1ptm.fd"
File: t1ptm.fd 2001/06/04 font definitions for T1/ptm.
)

LaTeX Font Warning: Font shape `T1/ptm/n/n' undefined
(Font)              using `T1/ptm/m/n' instead on input line 13.

("C:\Program Files\MiKTeX 2.9\tex\context\base\supp-pdf.mkii"
[Loading MPS to PDF converter (version 2006.09.02).]
\scratchcounter=\count118
\scratchdimen=\dimen147
\scratchbox=\box34
\nofMPsegments=\count119
\nofMParguments=\count120
\everyMPshowfont=\toks23
\MPscratchCnt=\count121
\MPscratchDim=\dimen148
\MPnumerator=\count122
\makeMPintoPDFobject=\count123
\everyMPtoPDFconversion=\toks24
) ("C:\Program Files\MiKTeX 2.9\tex\generic\oberdiek\pdftexcmds.sty"
Package: pdftexcmds 2016/05/21 v0.22 Utility functions of pdfTeX for LuaTeX (HO
)

("C:\Program Files\MiKTeX 2.9\tex\generic\oberdiek\ifluatex.sty"
Package: ifluatex 2016/05/16 v1.4 Provides the ifluatex switch (HO)
Package ifluatex Info: LuaTeX not detected.
)
Package pdftexcmds Info: LuaTeX not detected.
Package pdftexcmds Info: \pdf@primitive is available.
Package pdftexcmds Info: \pdf@ifprimitive is available.
Package pdftexcmds Info: \pdfdraftmode found.
)
("C:\Program Files\MiKTeX 2.9\tex\latex\oberdiek\epstopdf-base.sty"
Package: epstopdf-base 2016/05/15 v2.6 Base part for package epstopdf

("C:\Program Files\MiKTeX 2.9\tex\latex\oberdiek\grfext.sty"
Package: grfext 2016/05/16 v1.2 Manage graphics extensions (HO)

("C:\Program Files\MiKTeX 2.9\tex\generic\oberdiek\kvdefinekeys.sty"
Package: kvdefinekeys 2016/05/16 v1.4 Define keys (HO)
))
("C:\Program Files\MiKTeX 2.9\tex\latex\oberdiek\kvoptions.sty"
Package: kvoptions 2016/05/16 v3.12 Key value format for package options (HO)

("C:\Program Files\MiKTeX 2.9\tex\generic\oberdiek\kvsetkeys.sty"
Package: kvsetkeys 2016/05/16 v1.17 Key value parser (HO)

("C:\Program Files\MiKTeX 2.9\tex\generic\oberdiek\etexcmds.sty"
Package: etexcmds 2016/05/16 v1.6 Avoid name clashes with e-TeX commands (HO)
Package etexcmds Info: Could not find \expanded.
(etexcmds)             That can mean that you are not using pdfTeX 1.50 or
(etexcmds)             that some package has redefined \expanded.
(etexcmds)             In the latter case, load this package earlier.
)))
Package epstopdf-base Info: Redefining graphics rule for `.eps' on input line 4
38.
Package grfext Info: Graphics extension search list:
(grfext)             [.png,.pdf,.jpg,.mps,.jpeg,.jbig2,.jb2,.PNG,.PDF,.JPG,.JPE
G,.JBIG2,.JB2,.eps]
(grfext)             \AppendGraphicsExtensions on input line 456.
)
Package caption Info: Begin \AtBeginDocument code.
Package caption Info: End \AtBeginDocument code.

<bullet.png, id=3, 12.045pt x 35.38219pt>
File: bullet.png Graphic file (type png)
 <use bullet.png>
Package pdftex.def Info: bullet.png used on input line 34.
(pdftex.def)             Requested size: 5.0pt x 14.6871pt.
LaTeX Font Info:    Try loading font information for T1+phv on input line 34.

("C:\Program Files\MiKTeX 2.9\tex\latex\psnfss\t1phv.fd"
File: t1phv.fd 2001/06/04 scalable font definitions for T1/phv.
)

LaTeX Font Warning: Font shape `T1/phv/n/n' undefined
(Font)              using `T1/phv/m/n' instead on input line 34.


LaTeX Font Warning: Font shape `T1/ptm/n/sc' undefined
(Font)              using `T1/ptm/n/n' instead on input line 35.

File: bullet.png Graphic file (type png)
<use bullet.png>
Package pdftex.def Info: bullet.png used on input line 38.
(pdftex.def)             Requested size: 5.0pt x 14.6871pt.
LaTeX Font Info:    Calculating math sizes for size <9.9> on input line 44.
LaTeX Font Info:    Try loading font information for U+msa on input line 44.
 ("C:\Program Files\MiKTeX 2.9\tex\latex\amsfonts\umsa.fd"
File: umsa.fd 2013/01/14 v3.01 AMS symbols A
)
LaTeX Font Info:    Try loading font information for U+msb on input line 44.

("C:\Program Files\MiKTeX 2.9\tex\latex\amsfonts\umsb.fd"
File: umsb.fd 2013/01/14 v3.01 AMS symbols B
)
LaTeX Font Info:    Calculating math sizes for size <6.6> on input line 44.
LaTeX Font Info:    Calculating math sizes for size <7.7> on input line 44.

Overfull \hbox (9.2679pt too wide) in paragraph at lines 44--44
[]  
 []


Overfull \hbox (9.2679pt too wide) in paragraph at lines 44--44
[]  
 []

LaTeX Font Info:    Font shape `T1/ptm/bx/n' in size <10> not available
(Font)              Font shape `T1/ptm/b/n' tried instead on input line 48.

LaTeX Warning: Citation `KundurTwoArea' on page 1 undefined on input line 48.


LaTeX Warning: Citation `KundurTwoArea' on page 1 undefined on input line 48.


LaTeX Warning: Citation `KundurTwoArea' on page 1 undefined on input line 48.


LaTeX Warning: Citation `WAPODNorway' on page 1 undefined on input line 48.


LaTeX Warning: Citation `localREMcomparison' on page 1 undefined on input line 
48.


LaTeX Warning: Citation `Yuwa' on page 1 undefined on input line 48.


LaTeX Warning: Citation `Rogers_book' on page 1 undefined on input line 48.


Underfull \vbox (badness 10000) has occurred while \output is active []



LaTeX Warning: Citation `Yuwa' on page 1 undefined on input line 55.


LaTeX Warning: Citation `localREMcomparison' on page 1 undefined on input line 
55.


LaTeX Warning: Citation `Yuwa' on page 1 undefined on input line 55.


LaTeX Warning: Citation `WAPODNorway' on page 1 undefined on input line 58.


LaTeX Warning: Citation `WAPODChina' on page 1 undefined on input line 58.


LaTeX Warning: Citation `WAPODNorway' on page 1 undefined on input line 58.

<Logo.png, id=4, 206.27063pt x 53.44969pt>
File: Logo.png Graphic file (type png)
 <use Logo.png>
Package pdftex.def Info: Logo.png used on input line 59.
(pdftex.def)             Requested size: 91.32pt x 23.66309pt.

Overfull \hbox (505.12177pt too wide) has occurred while \output is active
[]
 []


Overfull \hbox (505.12177pt too wide) has occurred while \output is active
[]
 []


Overfull \hbox (505.12177pt too wide) has occurred while \output is active
[]
 []


Underfull \hbox (badness 10000) has occurred while \output is active
[]
 []

[1


 <E:/University/data/Class Work/Thesis - KTH/Extra Work/Papers/Journal Paper/V2
/IEEE_Access/Logo.png> <E:/University/data/Class Work/Thesis - KTH/Extra Work/P
apers/Journal Paper/V2/IEEE_Access/bullet.png>]

LaTeX Warning: Citation `China_paper' on page 2 undefined on input line 60.


LaTeX Warning: Citation `Biplab' on page 2 undefined on input line 60.


LaTeX Warning: Citation `PhasorPOD' on page 2 undefined on input line 63.


LaTeX Warning: Citation `KundurTwoArea' on page 2 undefined on input line 63.


LaTeX Warning: Citation `eMEGASIM' on page 2 undefined on input line 63.


LaTeX Font Warning: Font shape `T1/ptm/n/it' undefined
(Font)              using `T1/ptm/n/n' instead on input line 65.


LaTeX Warning: Citation `WAPODChina' on page 2 undefined on input line 67.


LaTeX Warning: Citation `PhasorPOD' on page 2 undefined on input line 67.


LaTeX Warning: Citation `WAPODNorway' on page 2 undefined on input line 67.


LaTeX Warning: Citation `Yuwa' on page 2 undefined on input line 67.


LaTeX Warning: Citation `Kamwa' on page 2 undefined on input line 67.


LaTeX Warning: Citation `WAPODNorway' on page 2 undefined on input line 67.


LaTeX Warning: Citation `WAPODChina' on page 2 undefined on input line 67.


LaTeX Warning: Reference `Background' on page 2 undefined on input line 71.


LaTeX Warning: Reference `softhardware' on page 2 undefined on input line 71.


LaTeX Warning: Reference `SetupPreparation' on page 2 undefined on input line 7
1.


LaTeX Warning: Reference `Results' on page 2 undefined on input line 71.


LaTeX Warning: Reference `Challenges' on page 2 undefined on input line 71.


LaTeX Warning: Reference `Future' on page 2 undefined on input line 71.


LaTeX Warning: Reference `Conclusion' on page 2 undefined on input line 71.


LaTeX Warning: Citation `WAMTCSC' on page 2 undefined on input line 76.


LaTeX Warning: Citation `TaskForce' on page 2 undefined on input line 76.


LaTeX Warning: Citation `Chaudhuri' on page 2 undefined on input line 76.


LaTeX Warning: Citation `WAPODNorway' on page 2 undefined on input line 76.

<notaglineLogo.png, id=19, 169.38281pt x 42.91031pt>
File: notaglineLogo.png Graphic file (type png)
 <use notaglineLogo.png>
Package pdftex.def Info: notaglineLogo.png used on input line 77.
(pdftex.def)             Requested size: 91.32pt x 23.1352pt.

Overfull \hbox (505.12177pt too wide) has occurred while \output is active
[]
 []


Overfull \hbox (505.12177pt too wide) has occurred while \output is active
[]
 []


Underfull \hbox (badness 10000) has occurred while \output is active
[]
 []

[2 <E:/University/data/Class Work/Thesis - KTH/Extra Work/Papers/Journal Paper/
V2/IEEE_Access/notaglineLogo.png>]

LaTeX Warning: Citation `PhasorPOD' on page 3 undefined on input line 80.


LaTeX Warning: Citation `Chaudhuri' on page 3 undefined on input line 80.


LaTeX Warning: Citation `PhasorPOD' on page 3 undefined on input line 90.


LaTeX Warning: Citation `PhasorPODImplement' on page 3 undefined on input line 
90.


LaTeX Warning: Citation `PhasorPOD' on page 3 undefined on input line 90.


LaTeX Warning: Citation `PhasorPOD' on page 3 undefined on input line 94.


LaTeX Warning: Citation `KundurTwoArea' on page 3 undefined on input line 94.


LaTeX Warning: Citation `eMEGASIM' on page 3 undefined on input line 97.


LaTeX Warning: Reference `Hardware_Outline' on page 3 undefined on input line 9
7.


LaTeX Warning: Reference `NetworkOutline' on page 3 undefined on input line 97.



LaTeX Warning: Citation `cRIO9081' on page 3 undefined on input line 97.


LaTeX Warning: Citation `cRIO9081' on page 3 undefined on input line 97.

<DataFlow.png, id=24, 469.2732pt x 247.1634pt>
File: DataFlow.png Graphic file (type png)
 <use DataFlow.png>
Package pdftex.def Info: DataFlow.png used on input line 101.
(pdftex.def)             Requested size: 429.35658pt x 226.1485pt.
File: DataFlow.png Graphic file (type png)

<use DataFlow.png>
Package pdftex.def Info: DataFlow.png used on input line 101.
(pdftex.def)             Requested size: 429.35658pt x 226.1485pt.


LaTeX Warning: Citation `PhasorPODImplement' on page 3 undefined on input line 
104.


LaTeX Warning: Reference `Hardware_Outline' on page 3 undefined on input line 1
04.


LaTeX Warning: Reference `looprate' on page 3 undefined on input line 104.


LaTeX Warning: Reference `RTArchitecture' on page 3 undefined on input line 108
.


LaTeX Warning: Citation `SDK' on page 3 undefined on input line 108.


Underfull \hbox (badness 10000) in paragraph at lines 108--108
[][][]\T1/ptm/m/n/8 Available as open-source soft-ware at
 []


LaTeX Warning: Citation `LabViewManuals' on page 3 undefined on input line 108.


File: notaglineLogo.png Graphic file (type png)
<use notaglineLogo.png>
Package pdftex.def Info: notaglineLogo.png used on input line 109.
(pdftex.def)             Requested size: 91.32pt x 23.1352pt.

Overfull \hbox (505.12177pt too wide) has occurred while \output is active
[]
 []


Overfull \hbox (505.12177pt too wide) has occurred while \output is active
[]
 []


Underfull \hbox (badness 10000) has occurred while \output is active
[]
 []

[3]

LaTeX Warning: Citation `cRIO9081' on page 4 undefined on input line 111.

<Final_RT_Arch.png, id=34, 2169.5454pt x 357.9774pt>
File: Final_RT_Arch.png Graphic file (type png)
 <use Final_RT_Arch.png>
Package pdftex.def Info: Final_RT_Arch.png used on input line 114.
(pdftex.def)             Requested size: 404.09895pt x 66.67268pt.
File: Final_RT_Arch.png Graphic file (type png)

<use Final_RT_Arch.png>
Package pdftex.def Info: Final_RT_Arch.png used on input line 114.
(pdftex.def)             Requested size: 404.09895pt x 66.67268pt.


LaTeX Warning: Citation `Rebello_WAPOD_Software' on page 4 undefined on input l
ine 116.


LaTeX Warning: Citation `LabviewTemplate' on page 4 undefined on input line 116
.


LaTeX Warning: Reference `RTArchitecture' on page 4 undefined on input line 116
.


LaTeX Warning: Reference `RTArchitecture' on page 4 undefined on input line 116
.


Underfull \hbox (badness 10000) in paragraph at lines 127--128

 []


Underfull \vbox (badness 10000) has occurred while \output is active []

File: notaglineLogo.png Graphic file (type png)

<use notaglineLogo.png>
Package pdftex.def Info: notaglineLogo.png used on input line 130.
(pdftex.def)             Requested size: 91.32pt x 23.1352pt.

Overfull \hbox (505.12177pt too wide) has occurred while \output is active
[]
 []


Overfull \hbox (505.12177pt too wide) has occurred while \output is active
[]
 []


Underfull \hbox (badness 10000) has occurred while \output is active
[]
 []

[4 <E:/University/data/Class Work/Thesis - KTH/Extra Work/Papers/Journal Paper/
V2/IEEE_Access/DataFlow.png>]

LaTeX Warning: Reference `NetworkOutline' on page 5 undefined on input line 133
.

<PSS_degraded_response.pdf, id=39, 498.41205pt x 316.45099pt>
File: PSS_degraded_response.pdf Graphic file (type pdf)

<use PSS_degraded_response.pdf>
Package pdftex.def Info: PSS_degraded_response.pdf used on input line 138.
(pdftex.def)             Requested size: 230.53912pt x 146.37077pt.
File: PSS_degraded_response.pdf Graphic file (type pdf)
 <use PSS_degraded_response.pdf>
Package pdftex.def Info: PSS_degraded_response.pdf used on input line 138.
(pdftex.def)             Requested size: 230.53912pt x 146.37077pt.


LaTeX Warning: Citation `KundurTwoArea' on page 5 undefined on input line 140.


LaTeX Warning: Reference `NetworkOutline' on page 5 undefined on input line 140
.


LaTeX Warning: Reference `NetworkOutline' on page 5 undefined on input line 140
.


LaTeX Warning: Reference `PSS_Degrade' on page 5 undefined on input line 140.

<Kundur2Area_outline_multi.png, id=40, 674.52pt x 246.9225pt>
File: Kundur2Area_outline_multi.png Graphic file (type png)

<use Kundur2Area_outline_multi.png>
Package pdftex.def Info: Kundur2Area_outline_multi.png used on input line 143.
(pdftex.def)             Requested size: 505.12177pt x 184.91258pt.
File: Kundur2Area_outline_multi.png Graphic file (type png)
 <use Kundur2Area_outline_multi.png>
Package pdftex.def Info: Kundur2Area_outline_multi.png used on input line 143.
(pdftex.def)             Requested size: 505.12177pt x 184.91258pt.


LaTeX Warning: Reference `NetworkOutline' on page 5 undefined on input line 147
.


LaTeX Warning: Citation `PhasorPODImplement' on page 5 undefined on input line 
147.


LaTeX Warning: Reference `NetworkOutline' on page 5 undefined on input line 147
.


LaTeX Warning: Citation `sVARdamp' on page 5 undefined on input line 147.


LaTeX Warning: Citation `eMEGASIM' on page 5 undefined on input line 150.


LaTeX Warning: Reference `NetworkOutline' on page 5 undefined on input line 150
.


LaTeX Warning: Reference `NetworkOutline' on page 5 undefined on input line 150
.

File: notaglineLogo.png Graphic file (type png)
<use notaglineLogo.png>
Package pdftex.def Info: notaglineLogo.png used on input line 151.
(pdftex.def)             Requested size: 91.32pt x 23.1352pt.

Overfull \hbox (505.12177pt too wide) has occurred while \output is active
[]
 []


Overfull \hbox (505.12177pt too wide) has occurred while \output is active
[]
 []


Underfull \hbox (badness 10000) has occurred while \output is active
[]
 []

[5 <E:/University/data/Class Work/Thesis - KTH/Extra Work/Papers/Journal Paper/
V2/IEEE_Access/Final_RT_Arch.png> <E:/University/data/Class Work/Thesis - KTH/E
xtra Work/Papers/Journal Paper/V2/IEEE_Access/PSS_degraded_response.pdf>]

LaTeX Warning: Reference `Hardware_Outline' on page 6 undefined on input line 1
53.


LaTeX Warning: Reference `NetworkOutline' on page 6 undefined on input line 153
.


Underfull \vbox (badness 4391) has occurred while \output is active []



LaTeX Warning: Reference `SVC_Plots' on page 6 undefined on input line 157.


LaTeX Warning: Citation `Yuwa' on page 6 undefined on input line 157.


LaTeX Warning: Reference `SVC_Plots' on page 6 undefined on input line 157.


LaTeX Warning: Reference `SVCResponseTable' on page 6 undefined on input line 1
57.

<Controller_Response_SVC_input.pdf, id=85, 498.48569pt x 316.45099pt>
File: Controller_Response_SVC_input.pdf Graphic file (type pdf)

<use Controller_Response_SVC_input.pdf>
Package pdftex.def Info: Controller_Response_SVC_input.pdf used on input line 1
78.
(pdftex.def)             Requested size: 230.53912pt x 146.35146pt.
File: Controller_Response_SVC_input.pdf Graphic file (type pdf)

<use Controller_Response_SVC_input.pdf>
Package pdftex.def Info: Controller_Response_SVC_input.pdf used on input line 1
78.
(pdftex.def)             Requested size: 230.53912pt x 146.35146pt.


LaTeX Warning: Reference `SVC_Plots' on page 6 undefined on input line 180.


LaTeX Warning: Reference `ScopeCapture' on page 6 undefined on input line 180.

<Best_sample.png, id=86, 321.2pt x 240.9pt>
File: Best_sample.png Graphic file (type png)
 <use Best_sample.png>
Package pdftex.def Info: Best_sample.png used on input line 183.
(pdftex.def)             Requested size: 230.53912pt x 172.9075pt.
File: Best_sample.png Graphic file (type png)

<use Best_sample.png>
Package pdftex.def Info: Best_sample.png used on input line 183.
(pdftex.def)             Requested size: 230.53912pt x 172.9075pt.
File: notaglineLogo.png Graphic file (type png)
 <use notaglineLogo.png>
Package pdftex.def Info: notaglineLogo.png used on input line 185.
(pdftex.def)             Requested size: 91.32pt x 23.1352pt.

Overfull \hbox (505.12177pt too wide) has occurred while \output is active
[]
 []


Overfull \hbox (505.12177pt too wide) has occurred while \output is active
[]
 []


Underfull \hbox (badness 10000) has occurred while \output is active
[]
 []

[6 <E:/University/data/Class Work/Thesis - KTH/Extra Work/Papers/Journal Paper/
V2/IEEE_Access/Kundur2Area_outline_multi.png>]

LaTeX Warning: Reference `Generator_Plots' on page 7 undefined on input line 18
6.


LaTeX Warning: Reference `SVC_Plots' on page 7 undefined on input line 186.


LaTeX Warning: Reference `Generator_Plots' on page 7 undefined on input line 18
6.


LaTeX Warning: Citation `Yuwa' on page 7 undefined on input line 186.

<Controller_Response_Generator_input.pdf, id=90, 498.48569pt x 316.45099pt>
File: Controller_Response_Generator_input.pdf Graphic file (type pdf)

<use Controller_Response_Generator_input.pdf>
Package pdftex.def Info: Controller_Response_Generator_input.pdf used on input 
line 189.
(pdftex.def)             Requested size: 230.53912pt x 146.35146pt.
File: Controller_Response_Generator_input.pdf Graphic file (type pdf)

<use Controller_Response_Generator_input.pdf>
Package pdftex.def Info: Controller_Response_Generator_input.pdf used on input 
line 189.
(pdftex.def)             Requested size: 230.53912pt x 146.35146pt.


LaTeX Warning: Reference `Generator_Plots' on page 7 undefined on input line 19
1.


LaTeX Warning: Reference `GENResponseTable' on page 7 undefined on input line 1
91.


LaTeX Warning: Reference `Hardware_Outline' on page 7 undefined on input line 2
14.


LaTeX Warning: Reference `Hardware_Outline' on page 7 undefined on input line 2
14.


LaTeX Warning: Reference `varying_time_delay' on page 7 undefined on input line
 214.

File: notaglineLogo.png Graphic file (type png)
<use notaglineLogo.png>
Package pdftex.def Info: notaglineLogo.png used on input line 215.
(pdftex.def)             Requested size: 91.32pt x 23.1352pt.

Overfull \hbox (505.12177pt too wide) has occurred while \output is active
[]
 []


Overfull \hbox (505.12177pt too wide) has occurred while \output is active
[]
 []


Underfull \hbox (badness 10000) has occurred while \output is active
[]
 []

[7 <E:/University/data/Class Work/Thesis - KTH/Extra Work/Papers/Journal Paper/
V2/IEEE_Access/Controller_Response_SVC_input.pdf> <E:/University/data/Class Wor
k/Thesis - KTH/Extra Work/Papers/Journal Paper/V2/IEEE_Access/Best_sample.png (
PNG copy)> <E:/University/data/Class Work/Thesis - KTH/Extra Work/Papers/Journa
l Paper/V2/IEEE_Access/Controller_Response_Generator_input.pdf

pdfTeX warning: pdflatex.EXE (file E:/University/data/Class Work/Thesis - KTH/E
xtra Work/Papers/Journal Paper/V2/IEEE_Access/Controller_Response_Generator_inp
ut.pdf): PDF inclusion: multiple pdfs with page group included in a single page

>] <delay_bar_chart.pdf, id=224, 433.62pt x 213.91919pt>
File: delay_bar_chart.pdf Graphic file (type pdf)

<use delay_bar_chart.pdf>
Package pdftex.def Info: delay_bar_chart.pdf used on input line 217.
(pdftex.def)             Requested size: 230.53912pt x 113.7324pt.
File: delay_bar_chart.pdf Graphic file (type pdf)
 <use delay_bar_chart.pdf>
Package pdftex.def Info: delay_bar_chart.pdf used on input line 217.
(pdftex.def)             Requested size: 230.53912pt x 113.7324pt.


LaTeX Warning: Citation `PhasorPOD' on page 8 undefined on input line 221.


LaTeX Warning: Reference `ScalingProblem' on page 8 undefined on input line 221
.


LaTeX Warning: Citation `eMEGASIM' on page 8 undefined on input line 221.

<Scaling.png, id=225, 572.6193pt x 132.2541pt>
File: Scaling.png Graphic file (type png)
 <use Scaling.png>
Package pdftex.def Info: Scaling.png used on input line 224.
(pdftex.def)             Requested size: 230.53912pt x 53.24577pt.
File: Scaling.png Graphic file (type png)

<use Scaling.png>
Package pdftex.def Info: Scaling.png used on input line 224.
(pdftex.def)             Requested size: 230.53912pt x 53.24577pt.


LaTeX Warning: Reference `RTArchitecture' on page 8 undefined on input line 229
.


LaTeX Warning: Reference `ex:LoopRates' on page 8 undefined on input line 229.


LaTeX Warning: Citation `LabViewManuals' on page 8 undefined on input line 251.



LaTeX Warning: Citation `LabViewManuals' on page 8 undefined on input line 251.



LaTeX Warning: Citation `LabViewManuals' on page 8 undefined on input line 251.


File: notaglineLogo.png Graphic file (type png)
<use notaglineLogo.png>
Package pdftex.def Info: notaglineLogo.png used on input line 252.
(pdftex.def)             Requested size: 91.32pt x 23.1352pt.

Overfull \hbox (505.12177pt too wide) has occurred while \output is active
[]
 []


Overfull \hbox (505.12177pt too wide) has occurred while \output is active
[]
 []


Underfull \hbox (badness 10000) has occurred while \output is active
[]
 []

[8 <E:/University/data/Class Work/Thesis - KTH/Extra Work/Papers/Journal Paper/
V2/IEEE_Access/delay_bar_chart.pdf> <E:/University/data/Class Work/Thesis - KTH
/Extra Work/Papers/Journal Paper/V2/IEEE_Access/Scaling.png>]

LaTeX Warning: Reference `Hardware_Outline' on page 9 undefined on input line 2
53.


LaTeX Warning: Reference `RTArchitecture' on page 9 undefined on input line 253
.


LaTeX Warning: Citation `Yuwa' on page 9 undefined on input line 257.


LaTeX Warning: Citation `Audur' on page 9 undefined on input line 257.


LaTeX Warning: Citation `Yuwa' on page 9 undefined on input line 260.

LaTeX Font Info:    Calculating math sizes for size <7.61> on input line 287.

Underfull \hbox (badness 2707) in paragraph at lines 299--300
[]\T1/ptm/n/it/7.61 Operating In-struc-tions and Spec-i-fi-ca-tions Com-pact RI
O NI cRIO-
 []


Underfull \hbox (badness 10000) in paragraph at lines 307--308
[]\T1/ptm/n/it/7.61 FPGA Con-trol on Com-pact RIO Sam-ple Project Doc-
 []


Underfull \hbox (badness 10000) in paragraph at lines 307--308
\T1/ptm/n/it/7.61 u-men-ta-tion, Na-tional In-stru-ments, Avail-able On-line at

 []


Underfull \hbox (badness 10000) in paragraph at lines 312--313
[]\T1/ptm/n/sc/7.61 Generic Power Sys-tem Sta-bi-lizer Doc-u-men-ta-tion dis-
 []


Underfull \hbox (badness 10000) in paragraph at lines 312--313
\T1/ptm/n/sc/7.61 tributed with Mat-lab R2014a Avail-able on-line at
 []


Overfull \hbox (59.15776pt too wide) in paragraph at lines 312--313
[]$ 
 []

File: notaglineLogo.png Graphic file (type png)
<use notaglineLogo.png>
Package pdftex.def Info: notaglineLogo.png used on input line 314.
(pdftex.def)             Requested size: 91.32pt x 23.1352pt.

Overfull \hbox (505.12177pt too wide) has occurred while \output is active
[]
 []


Overfull \hbox (505.12177pt too wide) has occurred while \output is active
[]
 []


Underfull \hbox (badness 10000) has occurred while \output is active
[]
 []

[9] <a1.png, id=262, 72.27pt x 90.3375pt>
File: a1.png Graphic file (type png)
 <use a1.png>
Package pdftex.def Info: a1.png used on input line 320.
(pdftex.def)             Requested size: 72.2709pt x 90.33864pt.
File: a1.png Graphic file (type png)
 <use a1.png>
Package pdftex.def Info: a1.png used on input line 320.
(pdftex.def)             Requested size: 72.2709pt x 90.33864pt.

<a2.png, id=265, 72.27pt x 90.3375pt>
File: a2.png Graphic file (type png)
 <use a2.png>
Package pdftex.def Info: a2.png used on input line 331.
(pdftex.def)             Requested size: 72.2709pt x 90.33864pt.
File: a2.png Graphic file (type png)
 <use a2.png>
Package pdftex.def Info: a2.png used on input line 331.
(pdftex.def)             Requested size: 72.2709pt x 90.33864pt.

Underfull \hbox (badness 2189) in paragraph at lines 331--336
\T1/ptm/n/n/8 lottesville, in 2001 and the Ph.D. de-gree in
 []

<a3.png, id=268, 72.27pt x 90.3375pt>
File: a3.png Graphic file (type png)
 <use a3.png>
Package pdftex.def Info: a3.png used on input line 338.
(pdftex.def)             Requested size: 72.2709pt x 90.33864pt.
File: a3.png Graphic file (type png)
 <use a3.png>
Package pdftex.def Info: a3.png used on input line 338.
(pdftex.def)             Requested size: 72.2709pt x 90.33864pt.
File: bullet.png Graphic file (type png)

<use bullet.png>
Package pdftex.def Info: bullet.png used on input line 347.
(pdftex.def)             Requested size: 5.0pt x 14.6871pt.
File: notaglineLogo.png Graphic file (type png)
 <use notaglineLogo.png>
Package pdftex.def Info: notaglineLogo.png used on input line 349.
(pdftex.def)             Requested size: 91.32pt x 23.1352pt.

Overfull \hbox (505.12177pt too wide) has occurred while \output is active
[]
 []


Overfull \hbox (505.12177pt too wide) has occurred while \output is active
[]
 []


Underfull \hbox (badness 10000) has occurred while \output is active
[]
 []

[10

 <E:/University/data/Class Work/Thesis - KTH/Extra Work/Papers/Journal Paper/V2
/IEEE_Access/a1.png> <E:/University/data/Class Work/Thesis - KTH/Extra Work/Pap
ers/Journal Paper/V2/IEEE_Access/a2.png> <E:/University/data/Class Work/Thesis 
- KTH/Extra Work/Papers/Journal Paper/V2/IEEE_Access/a3.png>]
(Journal_Paper_IEEE_Access.aux)

LaTeX Font Warning: Some font shapes were not available, defaults substituted.


LaTeX Warning: There were undefined references.


LaTeX Warning: Label(s) may have changed. Rerun to get cross-references right.

 ) 
Here is how much of TeX's memory you used:
 5795 strings out of 493333
 89458 string characters out of 3139188
 157740 words of memory out of 3000000
 9198 multiletter control sequences out of 15000+200000
 106423 words of font info for 159 fonts, out of 3000000 for 9000
 1141 hyphenation exceptions out of 8191
 53i,13n,92p,1959b,471s stack positions out of 5000i,500n,10000p,200000b,50000s
{C:/Program Files/MiKTeX 2.9/fonts/enc/dvips/base/8r.enc}<C:/Program Files/Mi
KTeX 2.9/fonts/type1/public/amsfonts/cm/cmex10.pfb><C:/Program Files/MiKTeX 2.9
/fonts/type1/public/amsfonts/cm/cmmi10.pfb><C:/Program Files/MiKTeX 2.9/fonts/t
ype1/public/amsfonts/cm/cmmi7.pfb><C:/Program Files/MiKTeX 2.9/fonts/type1/publ
ic/amsfonts/cm/cmmi8.pfb><C:/Program Files/MiKTeX 2.9/fonts/type1/public/amsfon
ts/cm/cmr10.pfb><C:/Program Files/MiKTeX 2.9/fonts/type1/public/amsfonts/cm/cmr
5.pfb><C:/Program Files/MiKTeX 2.9/fonts/type1/public/amsfonts/cm/cmr7.pfb><C:/
Program Files/MiKTeX 2.9/fonts/type1/public/amsfonts/cm/cmsy10.pfb><C:/Program 
Files/MiKTeX 2.9/fonts/type1/public/amsfonts/cm/cmsy7.pfb><C:/Program Files/MiK
TeX 2.9/fonts/type1/urw/helvetic/uhvb8a.pfb><C:/Program Files/MiKTeX 2.9/fonts/
type1/urw/helvetic/uhvbo8a.pfb><C:/Program Files/MiKTeX 2.9/fonts/type1/urw/hel
vetic/uhvr8a.pfb><C:/Program Files/MiKTeX 2.9/fonts/type1/urw/helvetic/uhvro8a.
pfb><C:/Program Files/MiKTeX 2.9/fonts/type1/urw/times/utmb8a.pfb><C:/Program F
iles/MiKTeX 2.9/fonts/type1/urw/times/utmr8a.pfb><C:/Program Files/MiKTeX 2.9/f
onts/type1/urw/times/utmri8a.pfb>
Output written on Journal_Paper_IEEE_Access.pdf (10 pages, 1008211 bytes).
PDF statistics:
 328 PDF objects out of 1000 (max. 8388607)
 0 named destinations out of 1000 (max. 500000)
 120 words of extra memory for PDF output out of 10000 (max. 10000000)

